Determining if the pthread_create exist failed with the following output:
Change Dir: /home/jongwon/catkin_ws/build/controller_manager_msgs/CMakeFiles/CMakeTmp

Run Build Command:"/usr/bin/make" "cmTC_5c69c/fast"
/usr/bin/make -f CMakeFiles/cmTC_5c69c.dir/build.make CMakeFiles/cmTC_5c69c.dir/build
make[1]: 디렉터리 '/home/jongwon/catkin_ws/build/controller_manager_msgs/CMakeFiles/CMakeTmp' 들어감
Building C object CMakeFiles/cmTC_5c69c.dir/CheckSymbolExists.c.o
/usr/lib/ccache/cc    -o CMakeFiles/cmTC_5c69c.dir/CheckSymbolExists.c.o   -c /home/jongwon/catkin_ws/build/controller_manager_msgs/CMakeFiles/CMakeTmp/CheckSymbolExists.c
Linking C executable cmTC_5c69c
/usr/bin/cmake -E cmake_link_script CMakeFiles/cmTC_5c69c.dir/link.txt --verbose=1
/usr/lib/ccache/cc      -rdynamic CMakeFiles/cmTC_5c69c.dir/CheckSymbolExists.c.o  -o cmTC_5c69c 
CMakeFiles/cmTC_5c69c.dir/CheckSymbolExists.c.o: In function `main':
CheckSymbolExists.c:(.text+0x1b): undefined reference to `pthread_create'
collect2: error: ld returned 1 exit status
CMakeFiles/cmTC_5c69c.dir/build.make:97: recipe for target 'cmTC_5c69c' failed
make[1]: *** [cmTC_5c69c] Error 1
make[1]: 디렉터리 '/home/jongwon/catkin_ws/build/controller_manager_msgs/CMakeFiles/CMakeTmp' 나감
Makefile:126: recipe for target 'cmTC_5c69c/fast' failed
make: *** [cmTC_5c69c/fast] Error 2

File /home/jongwon/catkin_ws/build/controller_manager_msgs/CMakeFiles/CMakeTmp/CheckSymbolExists.c:
/* */
#include <pthread.h>

int main(int argc, char** argv)
{
  (void)argv;
#ifndef pthread_create
  return ((int*)(&pthread_create))[argc];
#else
  (void)argc;
  return 0;
#endif
}

Determining if the function pthread_create exists in the pthreads failed with the following output:
Change Dir: /home/jongwon/catkin_ws/build/controller_manager_msgs/CMakeFiles/CMakeTmp

Run Build Command:"/usr/bin/make" "cmTC_4d70e/fast"
/usr/bin/make -f CMakeFiles/cmTC_4d70e.dir/build.make CMakeFiles/cmTC_4d70e.dir/build
make[1]: 디렉터리 '/home/jongwon/catkin_ws/build/controller_manager_msgs/CMakeFiles/CMakeTmp' 들어감
Building C object CMakeFiles/cmTC_4d70e.dir/CheckFunctionExists.c.o
/usr/lib/ccache/cc   -DCHECK_FUNCTION_EXISTS=pthread_create   -o CMakeFiles/cmTC_4d70e.dir/CheckFunctionExists.c.o   -c /usr/share/cmake-3.10/Modules/CheckFunctionExists.c
Linking C executable cmTC_4d70e
/usr/bin/cmake -E cmake_link_script CMakeFiles/cmTC_4d70e.dir/link.txt --verbose=1
/usr/lib/ccache/cc  -DCHECK_FUNCTION_EXISTS=pthread_create    -rdynamic CMakeFiles/cmTC_4d70e.dir/CheckFunctionExists.c.o  -o cmTC_4d70e -lpthreads 
/usr/bin/ld: cannot find -lpthreads
collect2: error: ld returned 1 exit status
CMakeFiles/cmTC_4d70e.dir/build.make:97: recipe for target 'cmTC_4d70e' failed
make[1]: *** [cmTC_4d70e] Error 1
make[1]: 디렉터리 '/home/jongwon/catkin_ws/build/controller_manager_msgs/CMakeFiles/CMakeTmp' 나감
Makefile:126: recipe for target 'cmTC_4d70e/fast' failed
make: *** [cmTC_4d70e/fast] Error 2


