Symlinking /home/jongwon/catkin_ws/devel/share/common-lisp/ros/control_msgs/srv/_package.lisp
Symlinking /home/jongwon/catkin_ws/devel/share/common-lisp/ros/control_msgs/srv/QueryCalibrationState.lisp
Symlinking /home/jongwon/catkin_ws/devel/share/common-lisp/ros/control_msgs/srv/control_msgs-srv.asd
Symlinking /home/jongwon/catkin_ws/devel/share/common-lisp/ros/control_msgs/srv/QueryTrajectoryState.lisp
Symlinking /home/jongwon/catkin_ws/devel/share/common-lisp/ros/control_msgs/srv/_package_QueryCalibrationState.lisp
Symlinking /home/jongwon/catkin_ws/devel/share/common-lisp/ros/control_msgs/srv/_package_QueryTrajectoryState.lisp
Symlinking /home/jongwon/catkin_ws/devel/share/common-lisp/ros/control_msgs/msg/_package_GripperCommandResult.lisp
Symlinking /home/jongwon/catkin_ws/devel/share/common-lisp/ros/control_msgs/msg/PointHeadActionGoal.lisp
Symlinking /home/jongwon/catkin_ws/devel/share/common-lisp/ros/control_msgs/msg/JointTrajectoryActionResult.lisp
Symlinking /home/jongwon/catkin_ws/devel/share/common-lisp/ros/control_msgs/msg/_package.lisp
Symlinking /home/jongwon/catkin_ws/devel/share/common-lisp/ros/control_msgs/msg/JointTrajectoryControllerState.lisp
Symlinking /home/jongwon/catkin_ws/devel/share/common-lisp/ros/control_msgs/msg/JointTrajectoryAction.lisp
Symlinking /home/jongwon/catkin_ws/devel/share/common-lisp/ros/control_msgs/msg/_package_JointControllerState.lisp
Symlinking /home/jongwon/catkin_ws/devel/share/common-lisp/ros/control_msgs/msg/_package_FollowJointTrajectoryGoal.lisp
Symlinking /home/jongwon/catkin_ws/devel/share/common-lisp/ros/control_msgs/msg/PointHeadGoal.lisp
Symlinking /home/jongwon/catkin_ws/devel/share/common-lisp/ros/control_msgs/msg/FollowJointTrajectoryResult.lisp
Symlinking /home/jongwon/catkin_ws/devel/share/common-lisp/ros/control_msgs/msg/_package_JointTrajectoryActionResult.lisp
Symlinking /home/jongwon/catkin_ws/devel/share/common-lisp/ros/control_msgs/msg/PidState.lisp
Symlinking /home/jongwon/catkin_ws/devel/share/common-lisp/ros/control_msgs/msg/_package_PointHeadResult.lisp
Symlinking /home/jongwon/catkin_ws/devel/share/common-lisp/ros/control_msgs/msg/PointHeadAction.lisp
Symlinking /home/jongwon/catkin_ws/devel/share/common-lisp/ros/control_msgs/msg/FollowJointTrajectoryGoal.lisp
Symlinking /home/jongwon/catkin_ws/devel/share/common-lisp/ros/control_msgs/msg/_package_GripperCommandAction.lisp
Symlinking /home/jongwon/catkin_ws/devel/share/common-lisp/ros/control_msgs/msg/SingleJointPositionFeedback.lisp
Symlinking /home/jongwon/catkin_ws/devel/share/common-lisp/ros/control_msgs/msg/SingleJointPositionResult.lisp
Symlinking /home/jongwon/catkin_ws/devel/share/common-lisp/ros/control_msgs/msg/SingleJointPositionAction.lisp
Symlinking /home/jongwon/catkin_ws/devel/share/common-lisp/ros/control_msgs/msg/GripperCommandFeedback.lisp
Symlinking /home/jongwon/catkin_ws/devel/share/common-lisp/ros/control_msgs/msg/_package_GripperCommandActionGoal.lisp
Symlinking /home/jongwon/catkin_ws/devel/share/common-lisp/ros/control_msgs/msg/GripperCommandGoal.lisp
Symlinking /home/jongwon/catkin_ws/devel/share/common-lisp/ros/control_msgs/msg/SingleJointPositionActionResult.lisp
Symlinking /home/jongwon/catkin_ws/devel/share/common-lisp/ros/control_msgs/msg/_package_FollowJointTrajectoryResult.lisp
Symlinking /home/jongwon/catkin_ws/devel/share/common-lisp/ros/control_msgs/msg/_package_PointHeadGoal.lisp
Symlinking /home/jongwon/catkin_ws/devel/share/common-lisp/ros/control_msgs/msg/FollowJointTrajectoryActionResult.lisp
Symlinking /home/jongwon/catkin_ws/devel/share/common-lisp/ros/control_msgs/msg/FollowJointTrajectoryActionGoal.lisp
Symlinking /home/jongwon/catkin_ws/devel/share/common-lisp/ros/control_msgs/msg/GripperCommand.lisp
Symlinking /home/jongwon/catkin_ws/devel/share/common-lisp/ros/control_msgs/msg/_package_SingleJointPositionResult.lisp
Symlinking /home/jongwon/catkin_ws/devel/share/common-lisp/ros/control_msgs/msg/PointHeadActionFeedback.lisp
Symlinking /home/jongwon/catkin_ws/devel/share/common-lisp/ros/control_msgs/msg/_package_FollowJointTrajectoryActionResult.lisp
Symlinking /home/jongwon/catkin_ws/devel/share/common-lisp/ros/control_msgs/msg/JointTrajectoryActionFeedback.lisp
Symlinking /home/jongwon/catkin_ws/devel/share/common-lisp/ros/control_msgs/msg/SingleJointPositionActionFeedback.lisp
Symlinking /home/jongwon/catkin_ws/devel/share/common-lisp/ros/control_msgs/msg/_package_PointHeadAction.lisp
Symlinking /home/jongwon/catkin_ws/devel/share/common-lisp/ros/control_msgs/msg/_package_GripperCommandActionResult.lisp
Symlinking /home/jongwon/catkin_ws/devel/share/common-lisp/ros/control_msgs/msg/_package_JointTolerance.lisp
Symlinking /home/jongwon/catkin_ws/devel/share/common-lisp/ros/control_msgs/msg/JointControllerState.lisp
Symlinking /home/jongwon/catkin_ws/devel/share/common-lisp/ros/control_msgs/msg/JointJog.lisp
Symlinking /home/jongwon/catkin_ws/devel/share/common-lisp/ros/control_msgs/msg/_package_SingleJointPositionFeedback.lisp
Symlinking /home/jongwon/catkin_ws/devel/share/common-lisp/ros/control_msgs/msg/GripperCommandResult.lisp
Symlinking /home/jongwon/catkin_ws/devel/share/common-lisp/ros/control_msgs/msg/_package_JointTrajectoryActionGoal.lisp
Symlinking /home/jongwon/catkin_ws/devel/share/common-lisp/ros/control_msgs/msg/FollowJointTrajectoryAction.lisp
Symlinking /home/jongwon/catkin_ws/devel/share/common-lisp/ros/control_msgs/msg/PointHeadFeedback.lisp
Symlinking /home/jongwon/catkin_ws/devel/share/common-lisp/ros/control_msgs/msg/_package_GripperCommandFeedback.lisp
Symlinking /home/jongwon/catkin_ws/devel/share/common-lisp/ros/control_msgs/msg/GripperCommandActionFeedback.lisp
Symlinking /home/jongwon/catkin_ws/devel/share/common-lisp/ros/control_msgs/msg/JointTrajectoryResult.lisp
Symlinking /home/jongwon/catkin_ws/devel/share/common-lisp/ros/control_msgs/msg/_package_JointTrajectoryResult.lisp
Symlinking /home/jongwon/catkin_ws/devel/share/common-lisp/ros/control_msgs/msg/_package_SingleJointPositionActionResult.lisp
Symlinking /home/jongwon/catkin_ws/devel/share/common-lisp/ros/control_msgs/msg/_package_PidState.lisp
Symlinking /home/jongwon/catkin_ws/devel/share/common-lisp/ros/control_msgs/msg/SingleJointPositionActionGoal.lisp
Symlinking /home/jongwon/catkin_ws/devel/share/common-lisp/ros/control_msgs/msg/_package_SingleJointPositionGoal.lisp
Symlinking /home/jongwon/catkin_ws/devel/share/common-lisp/ros/control_msgs/msg/_package_JointTrajectoryActionFeedback.lisp
Symlinking /home/jongwon/catkin_ws/devel/share/common-lisp/ros/control_msgs/msg/JointTrajectoryActionGoal.lisp
Symlinking /home/jongwon/catkin_ws/devel/share/common-lisp/ros/control_msgs/msg/control_msgs-msg.asd
Symlinking /home/jongwon/catkin_ws/devel/share/common-lisp/ros/control_msgs/msg/_package_PointHeadFeedback.lisp
Symlinking /home/jongwon/catkin_ws/devel/share/common-lisp/ros/control_msgs/msg/_package_FollowJointTrajectoryActionGoal.lisp
Symlinking /home/jongwon/catkin_ws/devel/share/common-lisp/ros/control_msgs/msg/FollowJointTrajectoryActionFeedback.lisp
Symlinking /home/jongwon/catkin_ws/devel/share/common-lisp/ros/control_msgs/msg/_package_GripperCommand.lisp
Symlinking /home/jongwon/catkin_ws/devel/share/common-lisp/ros/control_msgs/msg/PointHeadResult.lisp
Symlinking /home/jongwon/catkin_ws/devel/share/common-lisp/ros/control_msgs/msg/GripperCommandActionGoal.lisp
Symlinking /home/jongwon/catkin_ws/devel/share/common-lisp/ros/control_msgs/msg/_package_GripperCommandGoal.lisp
Symlinking /home/jongwon/catkin_ws/devel/share/common-lisp/ros/control_msgs/msg/PointHeadActionResult.lisp
Symlinking /home/jongwon/catkin_ws/devel/share/common-lisp/ros/control_msgs/msg/_package_JointTrajectoryFeedback.lisp
Symlinking /home/jongwon/catkin_ws/devel/share/common-lisp/ros/control_msgs/msg/_package_PointHeadActionFeedback.lisp
Symlinking /home/jongwon/catkin_ws/devel/share/common-lisp/ros/control_msgs/msg/_package_SingleJointPositionAction.lisp
Symlinking /home/jongwon/catkin_ws/devel/share/common-lisp/ros/control_msgs/msg/_package_FollowJointTrajectoryFeedback.lisp
Symlinking /home/jongwon/catkin_ws/devel/share/common-lisp/ros/control_msgs/msg/_package_PointHeadActionResult.lisp
Symlinking /home/jongwon/catkin_ws/devel/share/common-lisp/ros/control_msgs/msg/JointTolerance.lisp
Symlinking /home/jongwon/catkin_ws/devel/share/common-lisp/ros/control_msgs/msg/JointTrajectoryFeedback.lisp
Symlinking /home/jongwon/catkin_ws/devel/share/common-lisp/ros/control_msgs/msg/_package_JointTrajectoryControllerState.lisp
Symlinking /home/jongwon/catkin_ws/devel/share/common-lisp/ros/control_msgs/msg/_package_SingleJointPositionActionFeedback.lisp
Symlinking /home/jongwon/catkin_ws/devel/share/common-lisp/ros/control_msgs/msg/_package_FollowJointTrajectoryAction.lisp
Symlinking /home/jongwon/catkin_ws/devel/share/common-lisp/ros/control_msgs/msg/GripperCommandActionResult.lisp
Symlinking /home/jongwon/catkin_ws/devel/share/common-lisp/ros/control_msgs/msg/_package_GripperCommandActionFeedback.lisp
Symlinking /home/jongwon/catkin_ws/devel/share/common-lisp/ros/control_msgs/msg/FollowJointTrajectoryFeedback.lisp
Symlinking /home/jongwon/catkin_ws/devel/share/common-lisp/ros/control_msgs/msg/_package_PointHeadActionGoal.lisp
Symlinking /home/jongwon/catkin_ws/devel/share/common-lisp/ros/control_msgs/msg/_package_FollowJointTrajectoryActionFeedback.lisp
Symlinking /home/jongwon/catkin_ws/devel/share/common-lisp/ros/control_msgs/msg/GripperCommandAction.lisp
Symlinking /home/jongwon/catkin_ws/devel/share/common-lisp/ros/control_msgs/msg/JointTrajectoryGoal.lisp
Symlinking /home/jongwon/catkin_ws/devel/share/common-lisp/ros/control_msgs/msg/SingleJointPositionGoal.lisp
Symlinking /home/jongwon/catkin_ws/devel/share/common-lisp/ros/control_msgs/msg/_package_JointTrajectoryAction.lisp
Symlinking /home/jongwon/catkin_ws/devel/share/common-lisp/ros/control_msgs/msg/_package_SingleJointPositionActionGoal.lisp
Symlinking /home/jongwon/catkin_ws/devel/share/common-lisp/ros/control_msgs/msg/_package_JointJog.lisp
Symlinking /home/jongwon/catkin_ws/devel/share/common-lisp/ros/control_msgs/msg/_package_JointTrajectoryGoal.lisp
Symlinking /home/jongwon/catkin_ws/devel/share/roseus/ros/control_msgs/manifest.l
Symlinking /home/jongwon/catkin_ws/devel/share/roseus/ros/control_msgs/srv/QueryCalibrationState.l
Symlinking /home/jongwon/catkin_ws/devel/share/roseus/ros/control_msgs/srv/QueryTrajectoryState.l
Symlinking /home/jongwon/catkin_ws/devel/share/roseus/ros/control_msgs/msg/JointTrajectoryGoal.l
Symlinking /home/jongwon/catkin_ws/devel/share/roseus/ros/control_msgs/msg/JointTrajectoryResult.l
Symlinking /home/jongwon/catkin_ws/devel/share/roseus/ros/control_msgs/msg/JointTrajectoryAction.l
Symlinking /home/jongwon/catkin_ws/devel/share/roseus/ros/control_msgs/msg/GripperCommandResult.l
Symlinking /home/jongwon/catkin_ws/devel/share/roseus/ros/control_msgs/msg/GripperCommandFeedback.l
Symlinking /home/jongwon/catkin_ws/devel/share/roseus/ros/control_msgs/msg/PointHeadGoal.l
Symlinking /home/jongwon/catkin_ws/devel/share/roseus/ros/control_msgs/msg/FollowJointTrajectoryAction.l
Symlinking /home/jongwon/catkin_ws/devel/share/roseus/ros/control_msgs/msg/JointControllerState.l
Symlinking /home/jongwon/catkin_ws/devel/share/roseus/ros/control_msgs/msg/GripperCommandAction.l
Symlinking /home/jongwon/catkin_ws/devel/share/roseus/ros/control_msgs/msg/PointHeadActionGoal.l
Symlinking /home/jongwon/catkin_ws/devel/share/roseus/ros/control_msgs/msg/PointHeadActionFeedback.l
Symlinking /home/jongwon/catkin_ws/devel/share/roseus/ros/control_msgs/msg/PidState.l
Symlinking /home/jongwon/catkin_ws/devel/share/roseus/ros/control_msgs/msg/FollowJointTrajectoryFeedback.l
Symlinking /home/jongwon/catkin_ws/devel/share/roseus/ros/control_msgs/msg/FollowJointTrajectoryActionResult.l
Symlinking /home/jongwon/catkin_ws/devel/share/roseus/ros/control_msgs/msg/JointTrajectoryActionFeedback.l
Symlinking /home/jongwon/catkin_ws/devel/share/roseus/ros/control_msgs/msg/SingleJointPositionResult.l
Symlinking /home/jongwon/catkin_ws/devel/share/roseus/ros/control_msgs/msg/FollowJointTrajectoryActionFeedback.l
Symlinking /home/jongwon/catkin_ws/devel/share/roseus/ros/control_msgs/msg/PointHeadResult.l
Symlinking /home/jongwon/catkin_ws/devel/share/roseus/ros/control_msgs/msg/FollowJointTrajectoryActionGoal.l
Symlinking /home/jongwon/catkin_ws/devel/share/roseus/ros/control_msgs/msg/PointHeadAction.l
Symlinking /home/jongwon/catkin_ws/devel/share/roseus/ros/control_msgs/msg/FollowJointTrajectoryGoal.l
Symlinking /home/jongwon/catkin_ws/devel/share/roseus/ros/control_msgs/msg/JointTrajectoryFeedback.l
Symlinking /home/jongwon/catkin_ws/devel/share/roseus/ros/control_msgs/msg/JointTrajectoryActionGoal.l
Symlinking /home/jongwon/catkin_ws/devel/share/roseus/ros/control_msgs/msg/GripperCommandGoal.l
Symlinking /home/jongwon/catkin_ws/devel/share/roseus/ros/control_msgs/msg/SingleJointPositionGoal.l
Symlinking /home/jongwon/catkin_ws/devel/share/roseus/ros/control_msgs/msg/GripperCommandActionGoal.l
Symlinking /home/jongwon/catkin_ws/devel/share/roseus/ros/control_msgs/msg/JointTrajectoryControllerState.l
Symlinking /home/jongwon/catkin_ws/devel/share/roseus/ros/control_msgs/msg/JointTolerance.l
Symlinking /home/jongwon/catkin_ws/devel/share/roseus/ros/control_msgs/msg/JointJog.l
Symlinking /home/jongwon/catkin_ws/devel/share/roseus/ros/control_msgs/msg/SingleJointPositionActionGoal.l
Symlinking /home/jongwon/catkin_ws/devel/share/roseus/ros/control_msgs/msg/GripperCommandActionFeedback.l
Symlinking /home/jongwon/catkin_ws/devel/share/roseus/ros/control_msgs/msg/FollowJointTrajectoryResult.l
Symlinking /home/jongwon/catkin_ws/devel/share/roseus/ros/control_msgs/msg/SingleJointPositionActionFeedback.l
Symlinking /home/jongwon/catkin_ws/devel/share/roseus/ros/control_msgs/msg/PointHeadActionResult.l
Symlinking /home/jongwon/catkin_ws/devel/share/roseus/ros/control_msgs/msg/SingleJointPositionActionResult.l
Symlinking /home/jongwon/catkin_ws/devel/share/roseus/ros/control_msgs/msg/JointTrajectoryActionResult.l
Symlinking /home/jongwon/catkin_ws/devel/share/roseus/ros/control_msgs/msg/PointHeadFeedback.l
Symlinking /home/jongwon/catkin_ws/devel/share/roseus/ros/control_msgs/msg/GripperCommand.l
Symlinking /home/jongwon/catkin_ws/devel/share/roseus/ros/control_msgs/msg/SingleJointPositionFeedback.l
Symlinking /home/jongwon/catkin_ws/devel/share/roseus/ros/control_msgs/msg/SingleJointPositionAction.l
Symlinking /home/jongwon/catkin_ws/devel/share/roseus/ros/control_msgs/msg/GripperCommandActionResult.l
Symlinking /home/jongwon/catkin_ws/devel/share/gennodejs/ros/control_msgs/_index.js
Symlinking /home/jongwon/catkin_ws/devel/share/gennodejs/ros/control_msgs/srv/QueryCalibrationState.js
Symlinking /home/jongwon/catkin_ws/devel/share/gennodejs/ros/control_msgs/srv/QueryTrajectoryState.js
Symlinking /home/jongwon/catkin_ws/devel/share/gennodejs/ros/control_msgs/srv/_index.js
Symlinking /home/jongwon/catkin_ws/devel/share/gennodejs/ros/control_msgs/msg/GripperCommandActionResult.js
Symlinking /home/jongwon/catkin_ws/devel/share/gennodejs/ros/control_msgs/msg/SingleJointPositionAction.js
Symlinking /home/jongwon/catkin_ws/devel/share/gennodejs/ros/control_msgs/msg/GripperCommandAction.js
Symlinking /home/jongwon/catkin_ws/devel/share/gennodejs/ros/control_msgs/msg/GripperCommandResult.js
Symlinking /home/jongwon/catkin_ws/devel/share/gennodejs/ros/control_msgs/msg/GripperCommandActionFeedback.js
Symlinking /home/jongwon/catkin_ws/devel/share/gennodejs/ros/control_msgs/msg/SingleJointPositionResult.js
Symlinking /home/jongwon/catkin_ws/devel/share/gennodejs/ros/control_msgs/msg/JointControllerState.js
Symlinking /home/jongwon/catkin_ws/devel/share/gennodejs/ros/control_msgs/msg/GripperCommandGoal.js
Symlinking /home/jongwon/catkin_ws/devel/share/gennodejs/ros/control_msgs/msg/JointTrajectoryGoal.js
Symlinking /home/jongwon/catkin_ws/devel/share/gennodejs/ros/control_msgs/msg/JointTrajectoryActionResult.js
Symlinking /home/jongwon/catkin_ws/devel/share/gennodejs/ros/control_msgs/msg/SingleJointPositionActionFeedback.js
Symlinking /home/jongwon/catkin_ws/devel/share/gennodejs/ros/control_msgs/msg/SingleJointPositionActionGoal.js
Symlinking /home/jongwon/catkin_ws/devel/share/gennodejs/ros/control_msgs/msg/SingleJointPositionFeedback.js
Symlinking /home/jongwon/catkin_ws/devel/share/gennodejs/ros/control_msgs/msg/GripperCommandActionGoal.js
Symlinking /home/jongwon/catkin_ws/devel/share/gennodejs/ros/control_msgs/msg/PidState.js
Symlinking /home/jongwon/catkin_ws/devel/share/gennodejs/ros/control_msgs/msg/GripperCommand.js
Symlinking /home/jongwon/catkin_ws/devel/share/gennodejs/ros/control_msgs/msg/FollowJointTrajectoryActionFeedback.js
Symlinking /home/jongwon/catkin_ws/devel/share/gennodejs/ros/control_msgs/msg/FollowJointTrajectoryResult.js
Symlinking /home/jongwon/catkin_ws/devel/share/gennodejs/ros/control_msgs/msg/FollowJointTrajectoryActionGoal.js
Symlinking /home/jongwon/catkin_ws/devel/share/gennodejs/ros/control_msgs/msg/JointTrajectoryActionGoal.js
Symlinking /home/jongwon/catkin_ws/devel/share/gennodejs/ros/control_msgs/msg/JointTrajectoryControllerState.js
Symlinking /home/jongwon/catkin_ws/devel/share/gennodejs/ros/control_msgs/msg/PointHeadActionResult.js
Symlinking /home/jongwon/catkin_ws/devel/share/gennodejs/ros/control_msgs/msg/JointTrajectoryFeedback.js
Symlinking /home/jongwon/catkin_ws/devel/share/gennodejs/ros/control_msgs/msg/SingleJointPositionActionResult.js
Symlinking /home/jongwon/catkin_ws/devel/share/gennodejs/ros/control_msgs/msg/PointHeadGoal.js
Symlinking /home/jongwon/catkin_ws/devel/share/gennodejs/ros/control_msgs/msg/FollowJointTrajectoryAction.js
Symlinking /home/jongwon/catkin_ws/devel/share/gennodejs/ros/control_msgs/msg/PointHeadResult.js
Symlinking /home/jongwon/catkin_ws/devel/share/gennodejs/ros/control_msgs/msg/PointHeadActionFeedback.js
Symlinking /home/jongwon/catkin_ws/devel/share/gennodejs/ros/control_msgs/msg/JointTrajectoryActionFeedback.js
Symlinking /home/jongwon/catkin_ws/devel/share/gennodejs/ros/control_msgs/msg/GripperCommandFeedback.js
Symlinking /home/jongwon/catkin_ws/devel/share/gennodejs/ros/control_msgs/msg/JointTrajectoryResult.js
Symlinking /home/jongwon/catkin_ws/devel/share/gennodejs/ros/control_msgs/msg/JointJog.js
Symlinking /home/jongwon/catkin_ws/devel/share/gennodejs/ros/control_msgs/msg/JointTolerance.js
Symlinking /home/jongwon/catkin_ws/devel/share/gennodejs/ros/control_msgs/msg/FollowJointTrajectoryFeedback.js
Symlinking /home/jongwon/catkin_ws/devel/share/gennodejs/ros/control_msgs/msg/_index.js
Symlinking /home/jongwon/catkin_ws/devel/share/gennodejs/ros/control_msgs/msg/PointHeadFeedback.js
Symlinking /home/jongwon/catkin_ws/devel/share/gennodejs/ros/control_msgs/msg/FollowJointTrajectoryGoal.js
Symlinking /home/jongwon/catkin_ws/devel/share/gennodejs/ros/control_msgs/msg/PointHeadActionGoal.js
Symlinking /home/jongwon/catkin_ws/devel/share/gennodejs/ros/control_msgs/msg/SingleJointPositionGoal.js
Symlinking /home/jongwon/catkin_ws/devel/share/gennodejs/ros/control_msgs/msg/FollowJointTrajectoryActionResult.js
Symlinking /home/jongwon/catkin_ws/devel/share/gennodejs/ros/control_msgs/msg/JointTrajectoryAction.js
Symlinking /home/jongwon/catkin_ws/devel/share/gennodejs/ros/control_msgs/msg/PointHeadAction.js
Symlinking /home/jongwon/catkin_ws/devel/share/control_msgs/cmake/control_msgs-msg-extras.cmake
Symlinking /home/jongwon/catkin_ws/devel/share/control_msgs/cmake/control_msgsConfig-version.cmake
Symlinking /home/jongwon/catkin_ws/devel/share/control_msgs/cmake/control_msgs-msg-paths.cmake
Symlinking /home/jongwon/catkin_ws/devel/share/control_msgs/cmake/control_msgsConfig.cmake
Symlinking /home/jongwon/catkin_ws/devel/share/control_msgs/msg/JointTrajectoryFeedback.msg
Symlinking /home/jongwon/catkin_ws/devel/share/control_msgs/msg/GripperCommandActionFeedback.msg
Symlinking /home/jongwon/catkin_ws/devel/share/control_msgs/msg/GripperCommandFeedback.msg
Symlinking /home/jongwon/catkin_ws/devel/share/control_msgs/msg/SingleJointPositionActionGoal.msg
Symlinking /home/jongwon/catkin_ws/devel/share/control_msgs/msg/GripperCommandResult.msg
Symlinking /home/jongwon/catkin_ws/devel/share/control_msgs/msg/GripperCommandGoal.msg
Symlinking /home/jongwon/catkin_ws/devel/share/control_msgs/msg/FollowJointTrajectoryFeedback.msg
Symlinking /home/jongwon/catkin_ws/devel/share/control_msgs/msg/SingleJointPositionFeedback.msg
Symlinking /home/jongwon/catkin_ws/devel/share/control_msgs/msg/SingleJointPositionResult.msg
Symlinking /home/jongwon/catkin_ws/devel/share/control_msgs/msg/PointHeadGoal.msg
Symlinking /home/jongwon/catkin_ws/devel/share/control_msgs/msg/PointHeadResult.msg
Symlinking /home/jongwon/catkin_ws/devel/share/control_msgs/msg/SingleJointPositionActionResult.msg
Symlinking /home/jongwon/catkin_ws/devel/share/control_msgs/msg/JointTrajectoryActionResult.msg
Symlinking /home/jongwon/catkin_ws/devel/share/control_msgs/msg/PointHeadFeedback.msg
Symlinking /home/jongwon/catkin_ws/devel/share/control_msgs/msg/SingleJointPositionAction.msg
Symlinking /home/jongwon/catkin_ws/devel/share/control_msgs/msg/PointHeadActionFeedback.msg
Symlinking /home/jongwon/catkin_ws/devel/share/control_msgs/msg/JointTrajectoryResult.msg
Symlinking /home/jongwon/catkin_ws/devel/share/control_msgs/msg/FollowJointTrajectoryActionResult.msg
Symlinking /home/jongwon/catkin_ws/devel/share/control_msgs/msg/JointTrajectoryActionGoal.msg
Symlinking /home/jongwon/catkin_ws/devel/share/control_msgs/msg/SingleJointPositionGoal.msg
Symlinking /home/jongwon/catkin_ws/devel/share/control_msgs/msg/GripperCommandActionResult.msg
Symlinking /home/jongwon/catkin_ws/devel/share/control_msgs/msg/JointTrajectoryAction.msg
Symlinking /home/jongwon/catkin_ws/devel/share/control_msgs/msg/FollowJointTrajectoryActionFeedback.msg
Symlinking /home/jongwon/catkin_ws/devel/share/control_msgs/msg/JointTrajectoryActionFeedback.msg
Symlinking /home/jongwon/catkin_ws/devel/share/control_msgs/msg/FollowJointTrajectoryResult.msg
Symlinking /home/jongwon/catkin_ws/devel/share/control_msgs/msg/FollowJointTrajectoryGoal.msg
Symlinking /home/jongwon/catkin_ws/devel/share/control_msgs/msg/PointHeadActionResult.msg
Symlinking /home/jongwon/catkin_ws/devel/share/control_msgs/msg/SingleJointPositionActionFeedback.msg
Symlinking /home/jongwon/catkin_ws/devel/share/control_msgs/msg/FollowJointTrajectoryActionGoal.msg
Symlinking /home/jongwon/catkin_ws/devel/share/control_msgs/msg/PointHeadAction.msg
Symlinking /home/jongwon/catkin_ws/devel/share/control_msgs/msg/GripperCommandAction.msg
Symlinking /home/jongwon/catkin_ws/devel/share/control_msgs/msg/JointTrajectoryGoal.msg
Symlinking /home/jongwon/catkin_ws/devel/share/control_msgs/msg/FollowJointTrajectoryAction.msg
Symlinking /home/jongwon/catkin_ws/devel/share/control_msgs/msg/PointHeadActionGoal.msg
Symlinking /home/jongwon/catkin_ws/devel/share/control_msgs/msg/GripperCommandActionGoal.msg
Symlinking /home/jongwon/catkin_ws/devel/include/control_msgs/QueryTrajectoryState.h
Symlinking /home/jongwon/catkin_ws/devel/include/control_msgs/SingleJointPositionFeedback.h
Symlinking /home/jongwon/catkin_ws/devel/include/control_msgs/JointTrajectoryActionFeedback.h
Symlinking /home/jongwon/catkin_ws/devel/include/control_msgs/GripperCommandGoal.h
Symlinking /home/jongwon/catkin_ws/devel/include/control_msgs/FollowJointTrajectoryAction.h
Symlinking /home/jongwon/catkin_ws/devel/include/control_msgs/JointTrajectoryActionGoal.h
Symlinking /home/jongwon/catkin_ws/devel/include/control_msgs/JointTrajectoryActionResult.h
Symlinking /home/jongwon/catkin_ws/devel/include/control_msgs/FollowJointTrajectoryActionGoal.h
Symlinking /home/jongwon/catkin_ws/devel/include/control_msgs/PointHeadFeedback.h
Symlinking /home/jongwon/catkin_ws/devel/include/control_msgs/PointHeadAction.h
Symlinking /home/jongwon/catkin_ws/devel/include/control_msgs/QueryCalibrationState.h
Symlinking /home/jongwon/catkin_ws/devel/include/control_msgs/PointHeadResult.h
Symlinking /home/jongwon/catkin_ws/devel/include/control_msgs/JointTolerance.h
Symlinking /home/jongwon/catkin_ws/devel/include/control_msgs/FollowJointTrajectoryGoal.h
Symlinking /home/jongwon/catkin_ws/devel/include/control_msgs/GripperCommandActionGoal.h
Symlinking /home/jongwon/catkin_ws/devel/include/control_msgs/QueryCalibrationStateRequest.h
Symlinking /home/jongwon/catkin_ws/devel/include/control_msgs/QueryCalibrationStateResponse.h
Symlinking /home/jongwon/catkin_ws/devel/include/control_msgs/QueryTrajectoryStateRequest.h
Symlinking /home/jongwon/catkin_ws/devel/include/control_msgs/FollowJointTrajectoryActionResult.h
Symlinking /home/jongwon/catkin_ws/devel/include/control_msgs/GripperCommandFeedback.h
Symlinking /home/jongwon/catkin_ws/devel/include/control_msgs/PointHeadActionGoal.h
Symlinking /home/jongwon/catkin_ws/devel/include/control_msgs/SingleJointPositionActionGoal.h
Symlinking /home/jongwon/catkin_ws/devel/include/control_msgs/JointTrajectoryResult.h
Symlinking /home/jongwon/catkin_ws/devel/include/control_msgs/GripperCommandActionResult.h
Symlinking /home/jongwon/catkin_ws/devel/include/control_msgs/PointHeadActionResult.h
Symlinking /home/jongwon/catkin_ws/devel/include/control_msgs/PointHeadGoal.h
Symlinking /home/jongwon/catkin_ws/devel/include/control_msgs/FollowJointTrajectoryFeedback.h
Symlinking /home/jongwon/catkin_ws/devel/include/control_msgs/JointTrajectoryAction.h
Symlinking /home/jongwon/catkin_ws/devel/include/control_msgs/JointTrajectoryControllerState.h
Symlinking /home/jongwon/catkin_ws/devel/include/control_msgs/GripperCommandActionFeedback.h
Symlinking /home/jongwon/catkin_ws/devel/include/control_msgs/SingleJointPositionActionResult.h
Symlinking /home/jongwon/catkin_ws/devel/include/control_msgs/GripperCommandResult.h
Symlinking /home/jongwon/catkin_ws/devel/include/control_msgs/QueryTrajectoryStateResponse.h
Symlinking /home/jongwon/catkin_ws/devel/include/control_msgs/GripperCommand.h
Symlinking /home/jongwon/catkin_ws/devel/include/control_msgs/GripperCommandAction.h
Symlinking /home/jongwon/catkin_ws/devel/include/control_msgs/JointJog.h
Symlinking /home/jongwon/catkin_ws/devel/include/control_msgs/FollowJointTrajectoryResult.h
Symlinking /home/jongwon/catkin_ws/devel/include/control_msgs/FollowJointTrajectoryActionFeedback.h
Symlinking /home/jongwon/catkin_ws/devel/include/control_msgs/SingleJointPositionAction.h
Symlinking /home/jongwon/catkin_ws/devel/include/control_msgs/JointTrajectoryGoal.h
Symlinking /home/jongwon/catkin_ws/devel/include/control_msgs/SingleJointPositionActionFeedback.h
Symlinking /home/jongwon/catkin_ws/devel/include/control_msgs/SingleJointPositionGoal.h
Symlinking /home/jongwon/catkin_ws/devel/include/control_msgs/SingleJointPositionResult.h
Symlinking /home/jongwon/catkin_ws/devel/include/control_msgs/JointControllerState.h
Symlinking /home/jongwon/catkin_ws/devel/include/control_msgs/PidState.h
Symlinking /home/jongwon/catkin_ws/devel/include/control_msgs/JointTrajectoryFeedback.h
Symlinking /home/jongwon/catkin_ws/devel/include/control_msgs/PointHeadActionFeedback.h
Symlinking /home/jongwon/catkin_ws/devel/lib/pkgconfig/control_msgs.pc
Symlinking /home/jongwon/catkin_ws/devel/lib/python2.7/dist-packages/control_msgs/__init__.py
Symlinking /home/jongwon/catkin_ws/devel/lib/python2.7/dist-packages/control_msgs/srv/_QueryCalibrationState.py
Symlinking /home/jongwon/catkin_ws/devel/lib/python2.7/dist-packages/control_msgs/srv/_QueryTrajectoryState.py
Symlinking /home/jongwon/catkin_ws/devel/lib/python2.7/dist-packages/control_msgs/srv/__init__.py
Symlinking /home/jongwon/catkin_ws/devel/lib/python2.7/dist-packages/control_msgs/msg/_SingleJointPositionActionFeedback.py
Symlinking /home/jongwon/catkin_ws/devel/lib/python2.7/dist-packages/control_msgs/msg/_GripperCommandResult.py
Symlinking /home/jongwon/catkin_ws/devel/lib/python2.7/dist-packages/control_msgs/msg/_JointTrajectoryGoal.py
Symlinking /home/jongwon/catkin_ws/devel/lib/python2.7/dist-packages/control_msgs/msg/_FollowJointTrajectoryActionGoal.py
Symlinking /home/jongwon/catkin_ws/devel/lib/python2.7/dist-packages/control_msgs/msg/_GripperCommandActionResult.py
Symlinking /home/jongwon/catkin_ws/devel/lib/python2.7/dist-packages/control_msgs/msg/_PointHeadGoal.py
Symlinking /home/jongwon/catkin_ws/devel/lib/python2.7/dist-packages/control_msgs/msg/_JointControllerState.py
Symlinking /home/jongwon/catkin_ws/devel/lib/python2.7/dist-packages/control_msgs/msg/_PointHeadAction.py
Symlinking /home/jongwon/catkin_ws/devel/lib/python2.7/dist-packages/control_msgs/msg/_GripperCommandGoal.py
Symlinking /home/jongwon/catkin_ws/devel/lib/python2.7/dist-packages/control_msgs/msg/_JointTrajectoryActionGoal.py
Symlinking /home/jongwon/catkin_ws/devel/lib/python2.7/dist-packages/control_msgs/msg/_FollowJointTrajectoryGoal.py
Symlinking /home/jongwon/catkin_ws/devel/lib/python2.7/dist-packages/control_msgs/msg/_SingleJointPositionGoal.py
Symlinking /home/jongwon/catkin_ws/devel/lib/python2.7/dist-packages/control_msgs/msg/_SingleJointPositionAction.py
Symlinking /home/jongwon/catkin_ws/devel/lib/python2.7/dist-packages/control_msgs/msg/_PidState.py
Symlinking /home/jongwon/catkin_ws/devel/lib/python2.7/dist-packages/control_msgs/msg/_JointTrajectoryActionResult.py
Symlinking /home/jongwon/catkin_ws/devel/lib/python2.7/dist-packages/control_msgs/msg/_SingleJointPositionActionResult.py
Symlinking /home/jongwon/catkin_ws/devel/lib/python2.7/dist-packages/control_msgs/msg/_JointTrajectoryFeedback.py
Symlinking /home/jongwon/catkin_ws/devel/lib/python2.7/dist-packages/control_msgs/msg/_JointTrajectoryControllerState.py
Symlinking /home/jongwon/catkin_ws/devel/lib/python2.7/dist-packages/control_msgs/msg/_FollowJointTrajectoryActionFeedback.py
Symlinking /home/jongwon/catkin_ws/devel/lib/python2.7/dist-packages/control_msgs/msg/_PointHeadActionResult.py
Symlinking /home/jongwon/catkin_ws/devel/lib/python2.7/dist-packages/control_msgs/msg/_PointHeadActionGoal.py
Symlinking /home/jongwon/catkin_ws/devel/lib/python2.7/dist-packages/control_msgs/msg/_FollowJointTrajectoryFeedback.py
Symlinking /home/jongwon/catkin_ws/devel/lib/python2.7/dist-packages/control_msgs/msg/_GripperCommandActionGoal.py
Symlinking /home/jongwon/catkin_ws/devel/lib/python2.7/dist-packages/control_msgs/msg/_SingleJointPositionActionGoal.py
Symlinking /home/jongwon/catkin_ws/devel/lib/python2.7/dist-packages/control_msgs/msg/_JointTrajectoryAction.py
Symlinking /home/jongwon/catkin_ws/devel/lib/python2.7/dist-packages/control_msgs/msg/_JointTolerance.py
Symlinking /home/jongwon/catkin_ws/devel/lib/python2.7/dist-packages/control_msgs/msg/_PointHeadFeedback.py
Symlinking /home/jongwon/catkin_ws/devel/lib/python2.7/dist-packages/control_msgs/msg/_FollowJointTrajectoryResult.py
Symlinking /home/jongwon/catkin_ws/devel/lib/python2.7/dist-packages/control_msgs/msg/_GripperCommandActionFeedback.py
Symlinking /home/jongwon/catkin_ws/devel/lib/python2.7/dist-packages/control_msgs/msg/_PointHeadResult.py
Symlinking /home/jongwon/catkin_ws/devel/lib/python2.7/dist-packages/control_msgs/msg/_JointTrajectoryActionFeedback.py
Symlinking /home/jongwon/catkin_ws/devel/lib/python2.7/dist-packages/control_msgs/msg/_JointJog.py
Symlinking /home/jongwon/catkin_ws/devel/lib/python2.7/dist-packages/control_msgs/msg/_SingleJointPositionResult.py
Symlinking /home/jongwon/catkin_ws/devel/lib/python2.7/dist-packages/control_msgs/msg/_JointTrajectoryResult.py
Symlinking /home/jongwon/catkin_ws/devel/lib/python2.7/dist-packages/control_msgs/msg/_GripperCommandAction.py
Symlinking /home/jongwon/catkin_ws/devel/lib/python2.7/dist-packages/control_msgs/msg/_GripperCommand.py
Symlinking /home/jongwon/catkin_ws/devel/lib/python2.7/dist-packages/control_msgs/msg/_SingleJointPositionFeedback.py
Symlinking /home/jongwon/catkin_ws/devel/lib/python2.7/dist-packages/control_msgs/msg/_GripperCommandFeedback.py
Symlinking /home/jongwon/catkin_ws/devel/lib/python2.7/dist-packages/control_msgs/msg/__init__.py
Symlinking /home/jongwon/catkin_ws/devel/lib/python2.7/dist-packages/control_msgs/msg/_PointHeadActionFeedback.py
Symlinking /home/jongwon/catkin_ws/devel/lib/python2.7/dist-packages/control_msgs/msg/_FollowJointTrajectoryAction.py
Symlinking /home/jongwon/catkin_ws/devel/lib/python2.7/dist-packages/control_msgs/msg/_FollowJointTrajectoryActionResult.py
