Determining if the pthread_create exist failed with the following output:
Change Dir: /home/jongwon/catkin_ws/build/gripper_action_controller/CMakeFiles/CMakeTmp

Run Build Command:"/usr/bin/make" "cmTC_da60c/fast"
/usr/bin/make -f CMakeFiles/cmTC_da60c.dir/build.make CMakeFiles/cmTC_da60c.dir/build
make[1]: 디렉터리 '/home/jongwon/catkin_ws/build/gripper_action_controller/CMakeFiles/CMakeTmp' 들어감
Building C object CMakeFiles/cmTC_da60c.dir/CheckSymbolExists.c.o
/usr/lib/ccache/cc    -o CMakeFiles/cmTC_da60c.dir/CheckSymbolExists.c.o   -c /home/jongwon/catkin_ws/build/gripper_action_controller/CMakeFiles/CMakeTmp/CheckSymbolExists.c
Linking C executable cmTC_da60c
/usr/bin/cmake -E cmake_link_script CMakeFiles/cmTC_da60c.dir/link.txt --verbose=1
/usr/lib/ccache/cc      -rdynamic CMakeFiles/cmTC_da60c.dir/CheckSymbolExists.c.o  -o cmTC_da60c 
CMakeFiles/cmTC_da60c.dir/CheckSymbolExists.c.o: In function `main':
CheckSymbolExists.c:(.text+0x1b): undefined reference to `pthread_create'
collect2: error: ld returned 1 exit status
CMakeFiles/cmTC_da60c.dir/build.make:97: recipe for target 'cmTC_da60c' failed
make[1]: *** [cmTC_da60c] Error 1
make[1]: 디렉터리 '/home/jongwon/catkin_ws/build/gripper_action_controller/CMakeFiles/CMakeTmp' 나감
Makefile:126: recipe for target 'cmTC_da60c/fast' failed
make: *** [cmTC_da60c/fast] Error 2

File /home/jongwon/catkin_ws/build/gripper_action_controller/CMakeFiles/CMakeTmp/CheckSymbolExists.c:
/* */
#include <pthread.h>

int main(int argc, char** argv)
{
  (void)argv;
#ifndef pthread_create
  return ((int*)(&pthread_create))[argc];
#else
  (void)argc;
  return 0;
#endif
}

Determining if the function pthread_create exists in the pthreads failed with the following output:
Change Dir: /home/jongwon/catkin_ws/build/gripper_action_controller/CMakeFiles/CMakeTmp

Run Build Command:"/usr/bin/make" "cmTC_1811c/fast"
/usr/bin/make -f CMakeFiles/cmTC_1811c.dir/build.make CMakeFiles/cmTC_1811c.dir/build
make[1]: 디렉터리 '/home/jongwon/catkin_ws/build/gripper_action_controller/CMakeFiles/CMakeTmp' 들어감
Building C object CMakeFiles/cmTC_1811c.dir/CheckFunctionExists.c.o
/usr/lib/ccache/cc   -DCHECK_FUNCTION_EXISTS=pthread_create   -o CMakeFiles/cmTC_1811c.dir/CheckFunctionExists.c.o   -c /usr/share/cmake-3.10/Modules/CheckFunctionExists.c
Linking C executable cmTC_1811c
/usr/bin/cmake -E cmake_link_script CMakeFiles/cmTC_1811c.dir/link.txt --verbose=1
/usr/lib/ccache/cc  -DCHECK_FUNCTION_EXISTS=pthread_create    -rdynamic CMakeFiles/cmTC_1811c.dir/CheckFunctionExists.c.o  -o cmTC_1811c -lpthreads 
/usr/bin/ld: cannot find -lpthreads
collect2: error: ld returned 1 exit status
CMakeFiles/cmTC_1811c.dir/build.make:97: recipe for target 'cmTC_1811c' failed
make[1]: *** [cmTC_1811c] Error 1
make[1]: 디렉터리 '/home/jongwon/catkin_ws/build/gripper_action_controller/CMakeFiles/CMakeTmp' 나감
Makefile:126: recipe for target 'cmTC_1811c/fast' failed
make: *** [cmTC_1811c/fast] Error 2


