Determining if the pthread_create exist failed with the following output:
Change Dir: /home/jongwon/catkin_ws/build/controller_interface/CMakeFiles/CMakeTmp

Run Build Command:"/usr/bin/make" "cmTC_5a060/fast"
/usr/bin/make -f CMakeFiles/cmTC_5a060.dir/build.make CMakeFiles/cmTC_5a060.dir/build
make[1]: 디렉터리 '/home/jongwon/catkin_ws/build/controller_interface/CMakeFiles/CMakeTmp' 들어감
Building C object CMakeFiles/cmTC_5a060.dir/CheckSymbolExists.c.o
/usr/lib/ccache/cc    -o CMakeFiles/cmTC_5a060.dir/CheckSymbolExists.c.o   -c /home/jongwon/catkin_ws/build/controller_interface/CMakeFiles/CMakeTmp/CheckSymbolExists.c
Linking C executable cmTC_5a060
/usr/bin/cmake -E cmake_link_script CMakeFiles/cmTC_5a060.dir/link.txt --verbose=1
/usr/lib/ccache/cc      -rdynamic CMakeFiles/cmTC_5a060.dir/CheckSymbolExists.c.o  -o cmTC_5a060 
CMakeFiles/cmTC_5a060.dir/CheckSymbolExists.c.o: In function `main':
CheckSymbolExists.c:(.text+0x1b): undefined reference to `pthread_create'
collect2: error: ld returned 1 exit status
CMakeFiles/cmTC_5a060.dir/build.make:97: recipe for target 'cmTC_5a060' failed
make[1]: *** [cmTC_5a060] Error 1
make[1]: 디렉터리 '/home/jongwon/catkin_ws/build/controller_interface/CMakeFiles/CMakeTmp' 나감
Makefile:126: recipe for target 'cmTC_5a060/fast' failed
make: *** [cmTC_5a060/fast] Error 2

File /home/jongwon/catkin_ws/build/controller_interface/CMakeFiles/CMakeTmp/CheckSymbolExists.c:
/* */
#include <pthread.h>

int main(int argc, char** argv)
{
  (void)argv;
#ifndef pthread_create
  return ((int*)(&pthread_create))[argc];
#else
  (void)argc;
  return 0;
#endif
}

Determining if the function pthread_create exists in the pthreads failed with the following output:
Change Dir: /home/jongwon/catkin_ws/build/controller_interface/CMakeFiles/CMakeTmp

Run Build Command:"/usr/bin/make" "cmTC_a6dfa/fast"
/usr/bin/make -f CMakeFiles/cmTC_a6dfa.dir/build.make CMakeFiles/cmTC_a6dfa.dir/build
make[1]: 디렉터리 '/home/jongwon/catkin_ws/build/controller_interface/CMakeFiles/CMakeTmp' 들어감
Building C object CMakeFiles/cmTC_a6dfa.dir/CheckFunctionExists.c.o
/usr/lib/ccache/cc   -DCHECK_FUNCTION_EXISTS=pthread_create   -o CMakeFiles/cmTC_a6dfa.dir/CheckFunctionExists.c.o   -c /usr/share/cmake-3.10/Modules/CheckFunctionExists.c
Linking C executable cmTC_a6dfa
/usr/bin/cmake -E cmake_link_script CMakeFiles/cmTC_a6dfa.dir/link.txt --verbose=1
/usr/lib/ccache/cc  -DCHECK_FUNCTION_EXISTS=pthread_create    -rdynamic CMakeFiles/cmTC_a6dfa.dir/CheckFunctionExists.c.o  -o cmTC_a6dfa -lpthreads 
/usr/bin/ld: cannot find -lpthreads
collect2: error: ld returned 1 exit status
CMakeFiles/cmTC_a6dfa.dir/build.make:97: recipe for target 'cmTC_a6dfa' failed
make[1]: *** [cmTC_a6dfa] Error 1
make[1]: 디렉터리 '/home/jongwon/catkin_ws/build/controller_interface/CMakeFiles/CMakeTmp' 나감
Makefile:126: recipe for target 'cmTC_a6dfa/fast' failed
make: *** [cmTC_a6dfa/fast] Error 2


