Determining if the pthread_create exist failed with the following output:
Change Dir: /home/jongwon/catkin_ws/build/transmission_interface/CMakeFiles/CMakeTmp

Run Build Command:"/usr/bin/make" "cmTC_c8264/fast"
/usr/bin/make -f CMakeFiles/cmTC_c8264.dir/build.make CMakeFiles/cmTC_c8264.dir/build
make[1]: 디렉터리 '/home/jongwon/catkin_ws/build/transmission_interface/CMakeFiles/CMakeTmp' 들어감
Building C object CMakeFiles/cmTC_c8264.dir/CheckSymbolExists.c.o
/usr/lib/ccache/cc    -o CMakeFiles/cmTC_c8264.dir/CheckSymbolExists.c.o   -c /home/jongwon/catkin_ws/build/transmission_interface/CMakeFiles/CMakeTmp/CheckSymbolExists.c
Linking C executable cmTC_c8264
/usr/bin/cmake -E cmake_link_script CMakeFiles/cmTC_c8264.dir/link.txt --verbose=1
/usr/lib/ccache/cc      -rdynamic CMakeFiles/cmTC_c8264.dir/CheckSymbolExists.c.o  -o cmTC_c8264 
CMakeFiles/cmTC_c8264.dir/CheckSymbolExists.c.o: In function `main':
CheckSymbolExists.c:(.text+0x1b): undefined reference to `pthread_create'
collect2: error: ld returned 1 exit status
CMakeFiles/cmTC_c8264.dir/build.make:97: recipe for target 'cmTC_c8264' failed
make[1]: *** [cmTC_c8264] Error 1
make[1]: 디렉터리 '/home/jongwon/catkin_ws/build/transmission_interface/CMakeFiles/CMakeTmp' 나감
Makefile:126: recipe for target 'cmTC_c8264/fast' failed
make: *** [cmTC_c8264/fast] Error 2

File /home/jongwon/catkin_ws/build/transmission_interface/CMakeFiles/CMakeTmp/CheckSymbolExists.c:
/* */
#include <pthread.h>

int main(int argc, char** argv)
{
  (void)argv;
#ifndef pthread_create
  return ((int*)(&pthread_create))[argc];
#else
  (void)argc;
  return 0;
#endif
}

Determining if the function pthread_create exists in the pthreads failed with the following output:
Change Dir: /home/jongwon/catkin_ws/build/transmission_interface/CMakeFiles/CMakeTmp

Run Build Command:"/usr/bin/make" "cmTC_8742b/fast"
/usr/bin/make -f CMakeFiles/cmTC_8742b.dir/build.make CMakeFiles/cmTC_8742b.dir/build
make[1]: 디렉터리 '/home/jongwon/catkin_ws/build/transmission_interface/CMakeFiles/CMakeTmp' 들어감
Building C object CMakeFiles/cmTC_8742b.dir/CheckFunctionExists.c.o
/usr/lib/ccache/cc   -DCHECK_FUNCTION_EXISTS=pthread_create   -o CMakeFiles/cmTC_8742b.dir/CheckFunctionExists.c.o   -c /usr/share/cmake-3.10/Modules/CheckFunctionExists.c
Linking C executable cmTC_8742b
/usr/bin/cmake -E cmake_link_script CMakeFiles/cmTC_8742b.dir/link.txt --verbose=1
/usr/lib/ccache/cc  -DCHECK_FUNCTION_EXISTS=pthread_create    -rdynamic CMakeFiles/cmTC_8742b.dir/CheckFunctionExists.c.o  -o cmTC_8742b -lpthreads 
/usr/bin/ld: cannot find -lpthreads
collect2: error: ld returned 1 exit status
CMakeFiles/cmTC_8742b.dir/build.make:97: recipe for target 'cmTC_8742b' failed
make[1]: *** [cmTC_8742b] Error 1
make[1]: 디렉터리 '/home/jongwon/catkin_ws/build/transmission_interface/CMakeFiles/CMakeTmp' 나감
Makefile:126: recipe for target 'cmTC_8742b/fast' failed
make: *** [cmTC_8742b/fast] Error 2


