Determining if the pthread_create exist failed with the following output:
Change Dir: /home/jongwon/catkin_ws/build/hardware_interface/CMakeFiles/CMakeTmp

Run Build Command:"/usr/bin/make" "cmTC_20118/fast"
/usr/bin/make -f CMakeFiles/cmTC_20118.dir/build.make CMakeFiles/cmTC_20118.dir/build
make[1]: 디렉터리 '/home/jongwon/catkin_ws/build/hardware_interface/CMakeFiles/CMakeTmp' 들어감
Building C object CMakeFiles/cmTC_20118.dir/CheckSymbolExists.c.o
/usr/lib/ccache/cc    -o CMakeFiles/cmTC_20118.dir/CheckSymbolExists.c.o   -c /home/jongwon/catkin_ws/build/hardware_interface/CMakeFiles/CMakeTmp/CheckSymbolExists.c
Linking C executable cmTC_20118
/usr/bin/cmake -E cmake_link_script CMakeFiles/cmTC_20118.dir/link.txt --verbose=1
/usr/lib/ccache/cc      -rdynamic CMakeFiles/cmTC_20118.dir/CheckSymbolExists.c.o  -o cmTC_20118 
CMakeFiles/cmTC_20118.dir/CheckSymbolExists.c.o: In function `main':
CheckSymbolExists.c:(.text+0x1b): undefined reference to `pthread_create'
collect2: error: ld returned 1 exit status
CMakeFiles/cmTC_20118.dir/build.make:97: recipe for target 'cmTC_20118' failed
make[1]: *** [cmTC_20118] Error 1
make[1]: 디렉터리 '/home/jongwon/catkin_ws/build/hardware_interface/CMakeFiles/CMakeTmp' 나감
Makefile:126: recipe for target 'cmTC_20118/fast' failed
make: *** [cmTC_20118/fast] Error 2

File /home/jongwon/catkin_ws/build/hardware_interface/CMakeFiles/CMakeTmp/CheckSymbolExists.c:
/* */
#include <pthread.h>

int main(int argc, char** argv)
{
  (void)argv;
#ifndef pthread_create
  return ((int*)(&pthread_create))[argc];
#else
  (void)argc;
  return 0;
#endif
}

Determining if the function pthread_create exists in the pthreads failed with the following output:
Change Dir: /home/jongwon/catkin_ws/build/hardware_interface/CMakeFiles/CMakeTmp

Run Build Command:"/usr/bin/make" "cmTC_3ea9d/fast"
/usr/bin/make -f CMakeFiles/cmTC_3ea9d.dir/build.make CMakeFiles/cmTC_3ea9d.dir/build
make[1]: 디렉터리 '/home/jongwon/catkin_ws/build/hardware_interface/CMakeFiles/CMakeTmp' 들어감
Building C object CMakeFiles/cmTC_3ea9d.dir/CheckFunctionExists.c.o
/usr/lib/ccache/cc   -DCHECK_FUNCTION_EXISTS=pthread_create   -o CMakeFiles/cmTC_3ea9d.dir/CheckFunctionExists.c.o   -c /usr/share/cmake-3.10/Modules/CheckFunctionExists.c
Linking C executable cmTC_3ea9d
/usr/bin/cmake -E cmake_link_script CMakeFiles/cmTC_3ea9d.dir/link.txt --verbose=1
/usr/lib/ccache/cc  -DCHECK_FUNCTION_EXISTS=pthread_create    -rdynamic CMakeFiles/cmTC_3ea9d.dir/CheckFunctionExists.c.o  -o cmTC_3ea9d -lpthreads 
/usr/bin/ld: cannot find -lpthreads
collect2: error: ld returned 1 exit status
CMakeFiles/cmTC_3ea9d.dir/build.make:97: recipe for target 'cmTC_3ea9d' failed
make[1]: *** [cmTC_3ea9d] Error 1
make[1]: 디렉터리 '/home/jongwon/catkin_ws/build/hardware_interface/CMakeFiles/CMakeTmp' 나감
Makefile:126: recipe for target 'cmTC_3ea9d/fast' failed
make: *** [cmTC_3ea9d/fast] Error 2


