Determining if the pthread_create exist failed with the following output:
Change Dir: /home/jongwon/catkin_ws/build/control_msgs/CMakeFiles/CMakeTmp

Run Build Command:"/usr/bin/make" "cmTC_4f6db/fast"
/usr/bin/make -f CMakeFiles/cmTC_4f6db.dir/build.make CMakeFiles/cmTC_4f6db.dir/build
make[1]: 디렉터리 '/home/jongwon/catkin_ws/build/control_msgs/CMakeFiles/CMakeTmp' 들어감
Building C object CMakeFiles/cmTC_4f6db.dir/CheckSymbolExists.c.o
/usr/lib/ccache/cc    -o CMakeFiles/cmTC_4f6db.dir/CheckSymbolExists.c.o   -c /home/jongwon/catkin_ws/build/control_msgs/CMakeFiles/CMakeTmp/CheckSymbolExists.c
Linking C executable cmTC_4f6db
/usr/bin/cmake -E cmake_link_script CMakeFiles/cmTC_4f6db.dir/link.txt --verbose=1
/usr/lib/ccache/cc      -rdynamic CMakeFiles/cmTC_4f6db.dir/CheckSymbolExists.c.o  -o cmTC_4f6db 
CMakeFiles/cmTC_4f6db.dir/CheckSymbolExists.c.o: In function `main':
CheckSymbolExists.c:(.text+0x1b): undefined reference to `pthread_create'
collect2: error: ld returned 1 exit status
CMakeFiles/cmTC_4f6db.dir/build.make:97: recipe for target 'cmTC_4f6db' failed
make[1]: *** [cmTC_4f6db] Error 1
make[1]: 디렉터리 '/home/jongwon/catkin_ws/build/control_msgs/CMakeFiles/CMakeTmp' 나감
Makefile:126: recipe for target 'cmTC_4f6db/fast' failed
make: *** [cmTC_4f6db/fast] Error 2

File /home/jongwon/catkin_ws/build/control_msgs/CMakeFiles/CMakeTmp/CheckSymbolExists.c:
/* */
#include <pthread.h>

int main(int argc, char** argv)
{
  (void)argv;
#ifndef pthread_create
  return ((int*)(&pthread_create))[argc];
#else
  (void)argc;
  return 0;
#endif
}

Determining if the function pthread_create exists in the pthreads failed with the following output:
Change Dir: /home/jongwon/catkin_ws/build/control_msgs/CMakeFiles/CMakeTmp

Run Build Command:"/usr/bin/make" "cmTC_a4913/fast"
/usr/bin/make -f CMakeFiles/cmTC_a4913.dir/build.make CMakeFiles/cmTC_a4913.dir/build
make[1]: 디렉터리 '/home/jongwon/catkin_ws/build/control_msgs/CMakeFiles/CMakeTmp' 들어감
Building C object CMakeFiles/cmTC_a4913.dir/CheckFunctionExists.c.o
/usr/lib/ccache/cc   -DCHECK_FUNCTION_EXISTS=pthread_create   -o CMakeFiles/cmTC_a4913.dir/CheckFunctionExists.c.o   -c /usr/share/cmake-3.10/Modules/CheckFunctionExists.c
Linking C executable cmTC_a4913
/usr/bin/cmake -E cmake_link_script CMakeFiles/cmTC_a4913.dir/link.txt --verbose=1
/usr/lib/ccache/cc  -DCHECK_FUNCTION_EXISTS=pthread_create    -rdynamic CMakeFiles/cmTC_a4913.dir/CheckFunctionExists.c.o  -o cmTC_a4913 -lpthreads 
/usr/bin/ld: cannot find -lpthreads
collect2: error: ld returned 1 exit status
CMakeFiles/cmTC_a4913.dir/build.make:97: recipe for target 'cmTC_a4913' failed
make[1]: *** [cmTC_a4913] Error 1
make[1]: 디렉터리 '/home/jongwon/catkin_ws/build/control_msgs/CMakeFiles/CMakeTmp' 나감
Makefile:126: recipe for target 'cmTC_a4913/fast' failed
make: *** [cmTC_a4913/fast] Error 2


